<?xml version="1.0" encoding="UTF-8"?>
<!-- Generated by org.testng.reporters.JUnitReportReporter -->
<testsuite hostname="RAYAN" failures="0" tests="1" name="TestRunner.RunnerClass" time="19.704" errors="0" timestamp="2023-09-20T07:53:20 EDT" skipped="0">
  <testcase classname="TestRunner.RunnerClass" name="feature" time="19.704"/>
</testsuite> <!-- TestRunner.RunnerClass -->
